生成启动时间为 2019/8/8 11:11:25。
     1>项目“D:\c及c++\c++项目\快速搜索神器\Project1\Project1\Project1.vcxproj”在节点 2 上(Build 个目标)。
     1>ClCompile:
         D:\vs2013\VC\bin\CL.exe /c /ZI /nologo /W3 /WX- /sdl /Od /Oy- /D _MBCS /Gm /EHsc /RTC1 /MDd /GS /fp:precise /Zc:wchar_t /Zc:forScope /Fo"Debug\\" /Fd"Debug\vc120.pdb" /Gd /TP /analyze- /errorReport:prompt DataManager.cpp ScanManager.cpp Test.cpp
         DataManager.cpp
     1>d:\c及c++\c++项目\快速搜索神器\project1\project1\common.h(206): warning C4018: “<”: 有符号/无符号不匹配
         正在生成代码...
         正在编译...
         Test.cpp
     1>d:\c及c++\c++项目\快速搜索神器\project1\project1\common.h(206): warning C4018: “<”: 有符号/无符号不匹配
     1>d:\c及c++\c++项目\快速搜索神器\project1\project1\test.cpp(23): warning C4101: “i”: 未引用的局部变量
         ScanManager.cpp
     1>d:\c及c++\c++项目\快速搜索神器\project1\project1\common.h(206): warning C4018: “<”: 有符号/无符号不匹配
         正在生成代码...
       Link:
         D:\vs2013\VC\bin\link.exe /ERRORREPORT:PROMPT /OUT:"D:\c及c++\c++项目\快速搜索神器\Project1\Debug\Project1.exe" /INCREMENTAL /NOLOGO /LIBPATH:"D:\c及c++\c++项目\快速搜索神器\Project1\Project1\sqlite-amalgamation-3280000" sqlite3.lib kernel32.lib user32.lib gdi32.lib winspool.lib comdlg32.lib advapi32.lib shell32.lib ole32.lib oleaut32.lib uuid.lib odbc32.lib odbccp32.lib /MANIFEST /MANIFESTUAC:"level='asInvoker' uiAccess='false'" /manifest:embed /DEBUG /PDB:"D:\c及c++\c++项目\快速搜索神器\Project1\Debug\Project1.pdb" /TLBID:1 /DYNAMICBASE /NXCOMPAT /IMPLIB:"D:\c及c++\c++项目\快速搜索神器\Project1\Debug\Project1.lib" /MACHINE:X86 Debug\DataManager.obj
         Debug\ScanManager.obj
         Debug\Test.obj
     1>sqlite3.lib(sqlite3.obj) : warning LNK4099: 未找到 PDB“vc120.pdb”(使用“sqlite3.lib(sqlite3.obj)”或在“D:\c及c++\c++项目\快速搜索神器\Project1\Debug\vc120.pdb”中寻找)；正在链接对象，如同没有调试信息一样
         Project1.vcxproj -> D:\c及c++\c++项目\快速搜索神器\Project1\Debug\Project1.exe
     1>已完成生成项目“D:\c及c++\c++项目\快速搜索神器\Project1\Project1\Project1.vcxproj”(Build 个目标)的操作。

生成成功。

已用时间 00:00:03.13
